Microsoft HTML Help Compiler 4.74.8702

Compiling d:\workspace\My__Day\doc.chm

allclasses-frame.html
allclasses-noframe.html
com\example\my__day\BuildConfig.html
com\example\my__day\class-use\BuildConfig.html
com\example\my__day\class-use\Manifest.html
com\example\my__day\class-use\Manifest.permission.html
com\example\my__day\class-use\R.attr.html
com\example\my__day\class-use\R.drawable.html
com\example\my__day\class-use\R.html
com\example\my__day\class-use\R.id.html
com\example\my__day\class-use\R.layout.html
com\example\my__day\class-use\R.menu.html
com\example\my__day\class-use\R.string.html
com\example\my__day\class-use\R.style.html
com\example\my__day\Manifest.html
com\example\my__day\Manifest.permission.html
com\example\my__day\package-frame.html
com\example\my__day\package-summary.html
com\example\my__day\package-tree.html
com\example\my__day\package-use.html
com\example\my__day\R.attr.html
com\example\my__day\R.drawable.html
com\example\my__day\R.html
com\example\my__day\R.id.html
com\example\my__day\R.layout.html
com\example\my__day\R.menu.html
com\example\my__day\R.string.html
com\example\my__day\R.style.html
com\myday\albums\AlbumEditActivity.CheckableLayout.html
com\myday\albums\AlbumEditActivity.html
com\myday\albums\AlbumEditActivity.MyMultiChoiceModeListener.html
com\myday\albums\AlbumFragment.html
com\myday\albums\class-use\AlbumEditActivity.CheckableLayout.html
com\myday\albums\class-use\AlbumEditActivity.html
com\myday\albums\class-use\AlbumEditActivity.MyMultiChoiceModeListener.html
com\myday\albums\class-use\AlbumFragment.html
com\myday\albums\class-use\JournalFragment.html
com\myday\albums\class-use\JournalShowActivity.html
com\myday\albums\class-use\MainTapActivity.html
com\myday\albums\class-use\MapFragment.html
com\myday\albums\class-use\PicturesGridShowActivity.html
com\myday\albums\class-use\SameLocationAlbumActivity.html
com\myday\albums\class-use\SingleImageActivity.html
com\myday\albums\JournalFragment.html
com\myday\albums\JournalShowActivity.html
com\myday\albums\MainTapActivity.html
com\myday\albums\MapFragment.html
com\myday\albums\package-frame.html
com\myday\albums\package-summary.html
com\myday\albums\package-tree.html
com\myday\albums\package-use.html
com\myday\albums\PicturesGridShowActivity.html
com\myday\albums\SameLocationAlbumActivity.html
com\myday\albums\SingleImageActivity.html
com\myday\database\class-use\MyDayDatabase.html
com\myday\database\class-use\MyDayDatabase.LocationSet.html
com\myday\database\MyDayDatabase.html
com\myday\database\MyDayDatabase.LocationSet.html
com\myday\database\package-frame.html
com\myday\database\package-summary.html
com\myday\database\package-tree.html
com\myday\database\package-use.html
com\myday\file\class-use\FileHandle.html
com\myday\file\FileHandle.html
com\myday\file\package-frame.html
com\myday\file\package-summary.html
com\myday\file\package-tree.html
com\myday\file\package-use.html
com\myday\map\class-use\DemoApplication.html
com\myday\map\class-use\GetLocation.html
com\myday\map\class-use\ItemizedOverlayDemo.html
com\myday\map\class-use\Location.html
com\myday\map\class-use\Location.MyLocationListenner.html
com\myday\map\class-use\Location.NotifyLister.html
com\myday\map\class-use\Map_Activity.html
com\myday\map\class-use\Map_Activity.OverItem.html
com\myday\map\class-use\Over_Item.html
com\myday\map\DemoApplication.html
com\myday\map\GetLocation.html
com\myday\map\ItemizedOverlayDemo.html
com\myday\map\Location.html
com\myday\map\Location.MyLocationListenner.html
com\myday\map\Location.NotifyLister.html
com\myday\map\Map_Activity.html
com\myday\map\Map_Activity.OverItem.html
com\myday\map\Over_Item.html
com\myday\map\package-frame.html
com\myday\map\package-summary.html
com\myday\map\package-tree.html
com\myday\map\package-use.html
com\myday\pictures\Album.html
com\myday\pictures\class-use\Album.html
com\myday\pictures\class-use\Journal.html
com\myday\pictures\class-use\JournalAlbum.html
com\myday\pictures\class-use\Photo.html
com\myday\pictures\class-use\PhotoAlbum.html
com\myday\pictures\class-use\Picture.html
com\myday\pictures\Journal.html
com\myday\pictures\JournalAlbum.html
com\myday\pictures\package-frame.html
com\myday\pictures\package-summary.html
com\myday\pictures\package-tree.html
com\myday\pictures\package-use.html
com\myday\pictures\Photo.html
com\myday\pictures\PhotoAlbum.html
com\myday\pictures\Picture.html
constant-values.html
deprecated-list.html
help-doc.html
index.html
index-files\index-1.html
index-files\index-10.html
index-files\index-11.html
index-files\index-12.html
index-files\index-13.html
index-files\index-14.html
index-files\index-15.html
index-files\index-16.html
index-files\index-17.html
index-files\index-18.html
index-files\index-19.html
index-files\index-2.html
index-files\index-20.html
index-files\index-3.html
index-files\index-4.html
index-files\index-5.html
index-files\index-6.html
index-files\index-7.html
index-files\index-8.html
index-files\index-9.html
overview-frame.html
overview-summary.html
overview-tree.html
resources\background.gif
resources\tab.gif
resources\titlebar.gif
resources\titlebar_end.gif
serialized-form.html
stylesheet.css
TOC-Created-By-Easy-CHM.HHC
Index-Created-By-Easy-CHM.HHK

Compile time: 0 minutes, 2 seconds
136	Topics
5,427	Local links
0	Internet links
0	Graphics


Created d:\workspace\My__Day\doc.chm, 164,993 bytes
Compression decreased file by 1,068,108 bytes.
